Using TensorFlow backend.
2019-11-08 04:03:09.199069: I tensorflow/core/platform/cpu_feature_guard.cc:141] Your CPU supports instructions that this TensorFlow binary was not compiled to use: AVX2 FMA
2019-11-08 04:03:09.199520: I tensorflow/core/common_runtime/process_util.cc:69] Creating new thread pool with default inter op setting: 2. Tune using inter_op_parallelism_threads for best performance.
Loading SEWA database ...
Shifting labels to the front for 2.8 seconds.
_________________________________________________________________
Layer (type)                 Output Shape              Param #   
=================================================================
input_1 (InputLayer)         (None, 1768, 37)          0         
_________________________________________________________________
conv1d_1 (Conv1D)            (None, 1768, 1)           1851      
_________________________________________________________________
time_distributed_1 (TimeDist (None, 1768, 1)           2         
_________________________________________________________________
activation_1 (Activation)    (None, 1768, 1)           0         
=================================================================
Total params: 1,853
Trainable params: 1,853
Non-trainable params: 0
_________________________________________________________________
None
[array([[[ 0.376272],
        [ 0.376272],
        [ 0.393204],
        ...,
        [ 0.      ],
        [ 0.      ],
        [ 0.      ]],

       [[-0.010521],
        [-0.010521],
        [-0.010521],
        ...,
        [ 0.      ],
        [ 0.      ],
        [ 0.      ]],

       [[-0.002533],
        [ 0.015053],
        [ 0.034125],
        ...,
        [ 0.      ],
        [ 0.      ],
        [ 0.      ]],

       ...,

       [[ 0.033554],
        [ 0.062578],
        [ 0.069442],
        ...,
        [ 0.      ],
        [ 0.      ],
        [ 0.      ]],

       [[ 0.029043],
        [ 0.050775],
        [ 0.120648],
        ...,
        [ 0.      ],
        [ 0.      ],
        [ 0.      ]],

       [[ 0.212262],
        [ 0.220928],
        [ 0.226133],
        ...,
        [ 0.      ],
        [ 0.      ],
        [ 0.      ]]])]
Iter: 1
Epoch 1/1

34/34 [==============================] - 1s 15ms/step - loss: 1.0543
CCC train: -0.016,-0.020,-0.019, CCC devel: -0.022,-0.025,-0.023,-0.006 CCC test:  -0.008,-0.009,-0.018,0.009 CCC testT1: -0.018,-0.019,-0.019,-0.006 CCC testT2: -0.012,-0.014,-0.014,-0.004 
Iter: 2
Epoch 2/2

34/34 [==============================] - 0s 7ms/step - loss: 1.0168
CCC train: -0.014,-0.018,-0.016, CCC devel: -0.020,-0.022,-0.020,-0.006 CCC test:  -0.007,-0.007,-0.016,0.009 CCC testT1: -0.016,-0.017,-0.017,-0.005 CCC testT2: -0.011,-0.013,-0.012,-0.003 
Iter: 3
Epoch 3/3

34/34 [==============================] - 0s 9ms/step - loss: 1.0144
CCC train: -0.012,-0.016,-0.014, CCC devel: -0.018,-0.021,-0.018,-0.005 CCC test:  -0.005,-0.006,-0.014,0.009 CCC testT1: -0.015,-0.016,-0.015,-0.005 CCC testT2: -0.010,-0.012,-0.011,-0.003 
Iter: 4
Epoch 4/4

34/34 [==============================] - 0s 7ms/step - loss: 1.0126
CCC train: -0.011,-0.015,-0.013, CCC devel: -0.017,-0.019,-0.016,-0.005 CCC test:  -0.004,-0.005,-0.013,0.009 CCC testT1: -0.014,-0.015,-0.014,-0.004 CCC testT2: -0.009,-0.011,-0.010,-0.003 
Iter: 5
Epoch 5/5

34/34 [==============================] - 0s 7ms/step - loss: 1.0112
CCC train: -0.010,-0.013,-0.011, CCC devel: -0.016,-0.018,-0.015,-0.005 CCC test:  -0.004,-0.004,-0.012,0.009 CCC testT1: -0.013,-0.014,-0.013,-0.004 CCC testT2: -0.009,-0.011,-0.010,-0.003 
Iter: 6
Epoch 6/6

34/34 [==============================] - 0s 7ms/step - loss: 1.0100
CCC train: -0.008,-0.012,-0.010, CCC devel: -0.015,-0.017,-0.014,-0.004 CCC test:  -0.003,-0.003,-0.011,0.010 CCC testT1: -0.012,-0.013,-0.013,-0.004 CCC testT2: -0.008,-0.010,-0.009,-0.003 
Iter: 7
Epoch 7/7

34/34 [==============================] - 0s 7ms/step - loss: 1.0089
CCC train: -0.007,-0.011,-0.009, CCC devel: -0.014,-0.017,-0.013,-0.004 CCC test:  -0.002,-0.002,-0.010,0.010 CCC testT1: -0.011,-0.012,-0.012,-0.004 CCC testT2: -0.007,-0.009,-0.008,-0.002 
Iter: 8
Epoch 8/8

34/34 [==============================] - 0s 7ms/step - loss: 1.0079
CCC train: -0.006,-0.010,-0.008, CCC devel: -0.013,-0.016,-0.012,-0.004 CCC test:  -0.001,-0.001,-0.009,0.010 CCC testT1: -0.011,-0.012,-0.011,-0.004 CCC testT2: -0.007,-0.009,-0.008,-0.002 
Iter: 9
Epoch 9/9

34/34 [==============================] - 0s 11ms/step - loss: 1.0069
CCC train: -0.005,-0.009,-0.007, CCC devel: -0.012,-0.015,-0.011,-0.004 CCC test:  0.000,-0.000,-0.009,0.011 CCC testT1: -0.010,-0.011,-0.011,-0.003 CCC testT2: -0.006,-0.008,-0.007,-0.002 
Iter: 10
Epoch 10/10

34/34 [==============================] - 0s 9ms/step - loss: 1.0058
CCC train: -0.004,-0.008,-0.006, CCC devel: -0.012,-0.014,-0.010,-0.003 CCC test:  0.001,0.001,-0.008,0.011 CCC testT1: -0.009,-0.010,-0.010,-0.003 CCC testT2: -0.006,-0.008,-0.007,-0.002 
Iter: 11
Epoch 11/11

34/34 [==============================] - 0s 7ms/step - loss: 1.0047
CCC train: -0.003,-0.007,-0.005, CCC devel: -0.010,-0.013,-0.008,-0.003 CCC test:  0.003,0.002,-0.007,0.012 CCC testT1: -0.008,-0.009,-0.009,-0.003 CCC testT2: -0.005,-0.007,-0.006,-0.002 
Iter: 12
Epoch 12/12

34/34 [==============================] - 0s 8ms/step - loss: 1.0034
CCC train: -0.001,-0.005,-0.003, CCC devel: -0.009,-0.012,-0.007,-0.003 CCC test:  0.004,0.004,-0.005,0.013 CCC testT1: -0.007,-0.008,-0.009,-0.003 CCC testT2: -0.004,-0.006,-0.005,-0.002 
Iter: 13
Epoch 13/13

34/34 [==============================] - 0s 7ms/step - loss: 1.0018
CCC train: 0.001,-0.003,-0.001, CCC devel: -0.007,-0.010,-0.005,-0.003 CCC test:  0.007,0.007,-0.003,0.014 CCC testT1: -0.005,-0.006,-0.007,-0.002 CCC testT2: -0.002,-0.005,-0.004,-0.001 
Iter: 14
Epoch 14/14

34/34 [==============================] - 0s 8ms/step - loss: 0.9996
CCC train: 0.005,0.001,0.003, CCC devel: -0.004,-0.007,-0.002,-0.002 CCC test:  0.011,0.011,0.001,0.017 CCC testT1: -0.003,-0.004,-0.005,-0.002 CCC testT2: 0.000,-0.003,-0.002,-0.001 
Iter: 15
Epoch 15/15

34/34 [==============================] - 0s 8ms/step - loss: 0.9960
CCC train: 0.013,0.008,0.010, CCC devel: 0.003,-0.000,0.006,0.001 CCC test:  0.019,0.019,0.012,0.020 CCC testT1: 0.003,0.002,-0.001,0.003 CCC testT2: 0.005,0.002,0.004,0.003 
Iter: 16
Epoch 16/16

34/34 [==============================] - 0s 8ms/step - loss: 0.9884
CCC train: 0.037,0.032,0.036, CCC devel: 0.032,0.028,0.039,0.217 CCC test:  0.044,0.044,0.035,0.409 CCC testT1: 0.026,0.025,0.018,0.186 CCC testT2: 0.024,0.021,0.026,0.150 
Iter: 17
Epoch 17/17

34/34 [==============================] - 0s 8ms/step - loss: 0.9634
CCC train: 0.178,0.178,0.158, CCC devel: 0.189,0.192,0.161,0.430 CCC test:  0.159,0.161,0.095,0.504 CCC testT1: 0.139,0.144,0.095,0.351 CCC testT2: 0.119,0.119,0.111,0.255 
Iter: 18
Epoch 18/18

34/34 [==============================] - 0s 10ms/step - loss: 0.8498
CCC train: 0.112,0.118,0.103, CCC devel: 0.091,0.095,0.101,0.504 CCC test:  0.108,0.110,0.088,0.522 CCC testT1: 0.078,0.081,0.068,0.363 CCC testT2: 0.071,0.074,0.080,0.300 
Iter: 19
Epoch 19/19

34/34 [==============================] - 0s 9ms/step - loss: 0.9007
CCC train: 0.190,0.190,0.171, CCC devel: 0.203,0.206,0.172,0.430 CCC test:  0.166,0.168,0.100,0.494 CCC testT1: 0.148,0.155,0.104,0.351 CCC testT2: 0.128,0.127,0.118,0.254 
Iter: 20
Epoch 20/20

34/34 [==============================] - 0s 7ms/step - loss: 0.8373
CCC train: 0.144,0.151,0.134, CCC devel: 0.113,0.117,0.127,0.504 CCC test:  0.135,0.137,0.108,0.526 CCC testT1: 0.098,0.100,0.081,0.368 CCC testT2: 0.087,0.091,0.099,0.301 
Iter: 21
Epoch 21/21

34/34 [==============================] - 0s 7ms/step - loss: 0.8707
CCC train: 0.191,0.190,0.175, CCC devel: 0.206,0.209,0.175,0.429 CCC test:  0.165,0.167,0.100,0.493 CCC testT1: 0.150,0.157,0.109,0.355 CCC testT2: 0.128,0.127,0.120,0.257 
Iter: 22
Epoch 22/22

34/34 [==============================] - 0s 7ms/step - loss: 0.8335
CCC train: 0.165,0.173,0.155, CCC devel: 0.127,0.132,0.144,0.504 CCC test:  0.151,0.153,0.118,0.525 CCC testT1: 0.110,0.114,0.090,0.371 CCC testT2: 0.098,0.101,0.111,0.301 
Iter: 23
Epoch 23/23

34/34 [==============================] - 0s 9ms/step - loss: 0.8511
CCC train: 0.211,0.212,0.193, CCC devel: 0.220,0.223,0.186,0.436 CCC test:  0.176,0.179,0.107,0.491 CCC testT1: 0.162,0.171,0.116,0.360 CCC testT2: 0.138,0.138,0.128,0.260 
Iter: 24
Epoch 24/24

34/34 [==============================] - 0s 8ms/step - loss: 0.8175
CCC train: 0.188,0.196,0.176, CCC devel: 0.143,0.147,0.161,0.504 CCC test:  0.168,0.170,0.126,0.523 CCC testT1: 0.124,0.128,0.099,0.374 CCC testT2: 0.109,0.113,0.123,0.301 
Iter: 25
Epoch 25/25

34/34 [==============================] - 0s 9ms/step - loss: 0.8315
CCC train: 0.217,0.217,0.200, CCC devel: 0.225,0.229,0.191,0.434 CCC test:  0.179,0.182,0.109,0.483 CCC testT1: 0.166,0.176,0.121,0.360 CCC testT2: 0.141,0.141,0.131,0.258 
Iter: 26
Epoch 26/26

34/34 [==============================] - 0s 8ms/step - loss: 0.8109
CCC train: 0.192,0.200,0.181, CCC devel: 0.144,0.149,0.163,0.506 CCC test:  0.171,0.173,0.129,0.520 CCC testT1: 0.127,0.132,0.102,0.375 CCC testT2: 0.111,0.115,0.126,0.302 
Iter: 27
Epoch 27/27

34/34 [==============================] - 0s 7ms/step - loss: 0.8269
CCC train: 0.234,0.236,0.215, CCC devel: 0.236,0.241,0.200,0.439 CCC test:  0.189,0.192,0.116,0.482 CCC testT1: 0.176,0.187,0.127,0.364 CCC testT2: 0.150,0.150,0.137,0.261 
Iter: 28
Epoch 28/28

34/34 [==============================] - 0s 6ms/step - loss: 0.7975
CCC train: 0.204,0.213,0.192, CCC devel: 0.153,0.158,0.173,0.507 CCC test:  0.180,0.183,0.134,0.517 CCC testT1: 0.135,0.140,0.108,0.376 CCC testT2: 0.117,0.121,0.132,0.303 
Iter: 29
Epoch 29/29

34/34 [==============================] - 0s 8ms/step - loss: 0.8160
CCC train: 0.239,0.241,0.221, CCC devel: 0.241,0.246,0.204,0.445 CCC test:  0.193,0.196,0.118,0.485 CCC testT1: 0.179,0.191,0.130,0.365 CCC testT2: 0.153,0.153,0.139,0.265 
Iter: 30
Epoch 30/30

34/34 [==============================] - 0s 7ms/step - loss: 0.7921
CCC train: 0.205,0.215,0.195, CCC devel: 0.154,0.159,0.174,0.508 CCC test:  0.182,0.184,0.135,0.515 CCC testT1: 0.136,0.142,0.111,0.377 CCC testT2: 0.117,0.122,0.134,0.304 
Iter: 31
Epoch 31/31

34/34 [==============================] - 0s 7ms/step - loss: 0.8137
CCC train: 0.252,0.255,0.232, CCC devel: 0.249,0.254,0.210,0.448 CCC test:  0.201,0.204,0.122,0.485 CCC testT1: 0.186,0.200,0.134,0.368 CCC testT2: 0.159,0.159,0.144,0.268 
Iter: 32
Epoch 32/32

34/34 [==============================] - 0s 12ms/step - loss: 0.7828
CCC train: 0.214,0.225,0.203, CCC devel: 0.160,0.166,0.181,0.508 CCC test:  0.189,0.191,0.139,0.515 CCC testT1: 0.142,0.149,0.115,0.378 CCC testT2: 0.122,0.127,0.139,0.304 
Iter: 33
Epoch 33/33

34/34 [==============================] - 0s 7ms/step - loss: 0.8056
CCC train: 0.257,0.260,0.236, CCC devel: 0.252,0.258,0.212,0.447 CCC test:  0.205,0.208,0.124,0.485 CCC testT1: 0.189,0.204,0.137,0.369 CCC testT2: 0.162,0.162,0.146,0.268 
Iter: 34
Epoch 34/34

34/34 [==============================] - 0s 7ms/step - loss: 0.7786
CCC train: 0.216,0.226,0.205, CCC devel: 0.161,0.167,0.183,0.509 CCC test:  0.190,0.193,0.140,0.515 CCC testT1: 0.144,0.150,0.117,0.379 CCC testT2: 0.123,0.127,0.140,0.306 
Iter: 35
Epoch 35/35

34/34 [==============================] - 0s 8ms/step - loss: 0.8037
CCC train: 0.266,0.270,0.244, CCC devel: 0.258,0.264,0.217,0.450 CCC test:  0.211,0.214,0.128,0.487 CCC testT1: 0.195,0.210,0.140,0.372 CCC testT2: 0.167,0.168,0.150,0.271 
Iter: 36
Epoch 36/36

34/34 [==============================] - 0s 9ms/step - loss: 0.7716
CCC train: 0.223,0.234,0.212, CCC devel: 0.166,0.173,0.189,0.509 CCC test:  0.196,0.199,0.143,0.515 CCC testT1: 0.148,0.155,0.121,0.380 CCC testT2: 0.126,0.131,0.143,0.307 
Iter: 37
Epoch 37/37

34/34 [==============================] - 0s 7ms/step - loss: 0.7977
CCC train: 0.271,0.274,0.248, CCC devel: 0.261,0.267,0.219,0.450 CCC test:  0.215,0.218,0.130,0.488 CCC testT1: 0.198,0.214,0.143,0.373 CCC testT2: 0.170,0.171,0.152,0.272 
Iter: 38
Epoch 38/38

34/34 [==============================] - 0s 9ms/step - loss: 0.7683
CCC train: 0.224,0.235,0.214, CCC devel: 0.167,0.174,0.190,0.510 CCC test:  0.197,0.200,0.144,0.516 CCC testT1: 0.149,0.156,0.123,0.381 CCC testT2: 0.127,0.132,0.144,0.308 
Iter: 39
Epoch 39/39

34/34 [==============================] - 0s 7ms/step - loss: 0.7962
CCC train: 0.278,0.283,0.255, CCC devel: 0.266,0.272,0.223,0.452 CCC test:  0.221,0.224,0.133,0.491 CCC testT1: 0.202,0.219,0.145,0.375 CCC testT2: 0.174,0.175,0.156,0.274 
Iter: 40
Epoch 40/40

34/34 [==============================] - 0s 7ms/step - loss: 0.7627
CCC train: 0.230,0.241,0.219, CCC devel: 0.172,0.178,0.196,0.511 CCC test:  0.202,0.205,0.147,0.517 CCC testT1: 0.153,0.160,0.126,0.382 CCC testT2: 0.130,0.135,0.148,0.309 
Iter: 41
Epoch 41/41

34/34 [==============================] - 0s 7ms/step - loss: 0.7912
CCC train: 0.282,0.286,0.258, CCC devel: 0.268,0.275,0.225,0.452 CCC test:  0.224,0.228,0.135,0.493 CCC testT1: 0.204,0.222,0.147,0.376 CCC testT2: 0.176,0.178,0.158,0.276 
Iter: 42
Epoch 42/42

34/34 [==============================] - 0s 7ms/step - loss: 0.7600
CCC train: 0.230,0.242,0.220, CCC devel: 0.173,0.179,0.197,0.512 CCC test:  0.203,0.206,0.148,0.519 CCC testT1: 0.154,0.161,0.127,0.383 CCC testT2: 0.130,0.136,0.148,0.311 
Iter: 43
Epoch 43/43

34/34 [==============================] - 0s 7ms/step - loss: 0.7900
CCC train: 0.289,0.294,0.264, CCC devel: 0.272,0.279,0.228,0.454 CCC test:  0.230,0.233,0.138,0.497 CCC testT1: 0.208,0.226,0.150,0.378 CCC testT2: 0.180,0.182,0.161,0.278 
Iter: 44
Epoch 44/44

34/34 [==============================] - 0s 7ms/step - loss: 0.7550
CCC train: 0.236,0.247,0.225, CCC devel: 0.177,0.183,0.202,0.513 CCC test:  0.207,0.210,0.150,0.520 CCC testT1: 0.157,0.165,0.130,0.384 CCC testT2: 0.133,0.138,0.151,0.312 
Iter: 45
Epoch 45/45

34/34 [==============================] - 0s 7ms/step - loss: 0.7857
